Arguments: 
  /Users/nikgraf/.nvm/versions/node/v16.13.2/bin/node /usr/local/Cellar/yarn/1.22.17_2/libexec/bin/yarn.js add @tiptap/react @tiptap/starter-kit

PATH: 
  /Applications/Postgres.app/Contents/Versions/latest/bin:/Users/nikgraf/.nvm/versions/node/v16.13.2/bin:/usr/local/bin:/usr/bin:/bin:/usr/sbin:/sbin:/Library/TeX/texbin:/Applications/Little Snitch.app/Contents/Components:/Library/Apple/usr/bin:/Users/nikgraf/.cargo/bin

Yarn version: 
  1.22.17

Node version: 
  16.13.2

Platform: 
  darwin arm64

Trace: 
  SyntaxError: /Users/nikgraf/projects/serenity/serenity/packages/serenity-editor/package.json: Unexpected token { in JSON at position 96
      at JSON.parse (<anonymous>)
      at /usr/local/Cellar/yarn/1.22.17_2/libexec/lib/cli.js:1625:59
      at Generator.next (<anonymous>)
      at step (/usr/local/Cellar/yarn/1.22.17_2/libexec/lib/cli.js:310:30)
      at /usr/local/Cellar/yarn/1.22.17_2/libexec/lib/cli.js:321:13

npm manifest: 
  {
    "name": "serenity-editor",
    "version": "1.0.0",
    "main": "index.js",
    "license": "MIT"
  }
  {
    "name": "serenity-editor",
    "version": "0.0.1",
    "main": "index.js"
  }

yarn manifest: 
  No manifest

Lockfile: 
  No lockfile
